2016-06-01 22:41:16,520 TRACE m.s.p.TotalLargerByPeriodSameProduct [main] entry params(Payment{value=1667, date=2016-06-01T21:55:53.465Z, product=Product{title='Food'}, status=initial, client=Client{personalAccount=6}})
2016-06-01 22:41:16,524 TRACE m.s.p.BetweenTime [main] entry params(Payment{value=1667, date=2016-06-01T21:55:53.465Z, product=Product{title='Food'}, status=initial, client=Client{personalAccount=6}})
2016-06-01 22:41:16,524 TRACE m.s.p.BetweenTime [main] entry params(23:00)
2016-06-01 22:41:16,524 TRACE m.s.p.BetweenTime [main] entry params(09:00)
2016-06-01 22:41:16,529 TRACE m.s.p.AfterTime [main] entry params(Payment{value=1667, date=2016-06-01T21:55:53.465Z, product=Product{title='Food'}, status=initial, client=Client{personalAccount=6}})
2016-06-01 22:41:16,529 TRACE m.s.p.AfterTime [main] entry params(2016-06-01T21:55:53.465Z)
2016-06-01 22:41:16,529 TRACE m.s.p.AfterTime [main] entry params(23:00)
2016-06-01 22:41:16,529 TRACE m.s.p.AfterTime [main] exit with(false)
2016-06-01 22:41:16,534 TRACE m.s.p.BeforeTime [main] entry params(Payment{value=1667, date=2016-06-01T21:55:53.465Z, product=Product{title='Food'}, status=initial, client=Client{personalAccount=6}})
2016-06-01 22:41:16,534 TRACE m.s.p.BeforeTime [main] entry params(2016-06-01T21:55:53.465Z)
2016-06-01 22:41:16,534 TRACE m.s.p.BeforeTime [main] exit with(false)
2016-06-01 22:41:16,535 TRACE m.s.p.BetweenTime [main] exit with(false)
2016-06-01 22:41:16,535 TRACE m.s.p.TotalLargerByPeriodSameProduct [main] exit with(false)
2016-06-01 22:41:16,535 TRACE m.s.p.TotalLargerByPeriodSameProduct [main] entry params(Payment{value=1667, date=2016-06-01T21:55:53.465Z, product=Product{title='Food'}, status=initial, client=Client{personalAccount=6}})
2016-06-01 22:41:16,535 TRACE m.s.p.BetweenTime [main] entry params(Payment{value=1667, date=2016-06-01T21:55:53.465Z, product=Product{title='Food'}, status=initial, client=Client{personalAccount=6}})
2016-06-01 22:41:16,535 TRACE m.s.p.BetweenTime [main] entry params(09:00)
2016-06-01 22:41:16,535 TRACE m.s.p.BetweenTime [main] entry params(23:00)
2016-06-01 22:41:16,535 TRACE m.s.p.AfterTime [main] entry params(Payment{value=1667, date=2016-06-01T21:55:53.465Z, product=Product{title='Food'}, status=initial, client=Client{personalAccount=6}})
2016-06-01 22:41:16,535 TRACE m.s.p.AfterTime [main] entry params(2016-06-01T21:55:53.465Z)
2016-06-01 22:41:16,535 TRACE m.s.p.AfterTime [main] entry params(09:00)
2016-06-01 22:41:16,535 TRACE m.s.p.AfterTime [main] exit with(true)
2016-06-01 22:41:16,539 TRACE m.s.p.BeforeTime [main] entry params(Payment{value=1667, date=2016-06-01T21:55:53.465Z, product=Product{title='Food'}, status=initial, client=Client{personalAccount=6}})
2016-06-01 22:41:16,540 TRACE m.s.p.BeforeTime [main] entry params(2016-06-01T21:55:53.465Z)
2016-06-01 22:41:16,540 TRACE m.s.p.BeforeTime [main] exit with(true)
2016-06-01 22:41:16,540 TRACE m.s.p.BetweenTime [main] exit with(true)
2016-06-01 22:41:16,540 TRACE m.s.p.TotalLargerByPeriodSameProduct [main] exit with(false)
2016-06-01 22:41:16,540 TRACE m.s.p.TotalLargerByPeriodSameProduct [main] entry params(Payment{value=3106, date=2016-06-02T19:35:26.465Z, product=Product{title='Film'}, status=initial, client=Client{personalAccount=2}})
2016-06-01 22:41:16,540 TRACE m.s.p.BetweenTime [main] entry params(Payment{value=1667, date=2016-06-01T21:55:53.465Z, product=Product{title='Food'}, status=rотов_к_проведению, client=Client{personalAccount=6}})
2016-06-01 22:41:16,540 TRACE m.s.p.BetweenTime [main] entry params(23:00)
2016-06-01 22:41:16,540 TRACE m.s.p.BetweenTime [main] entry params(09:00)
2016-06-01 22:41:16,540 TRACE m.s.p.AfterTime [main] entry params(Payment{value=1667, date=2016-06-01T21:55:53.465Z, product=Product{title='Food'}, status=rотов_к_проведению, client=Client{personalAccount=6}})
2016-06-01 22:41:16,540 TRACE m.s.p.AfterTime [main] entry params(2016-06-01T21:55:53.465Z)
2016-06-01 22:41:16,540 TRACE m.s.p.AfterTime [main] entry params(23:00)
2016-06-01 22:41:16,540 TRACE m.s.p.AfterTime [main] exit with(false)
2016-06-01 22:41:16,541 TRACE m.s.p.BeforeTime [main] entry params(Payment{value=1667, date=2016-06-01T21:55:53.465Z, product=Product{title='Food'}, status=rотов_к_проведению, client=Client{personalAccount=6}})
2016-06-01 22:41:16,542 TRACE m.s.p.BeforeTime [main] entry params(2016-06-01T21:55:53.465Z)
2016-06-01 22:41:16,542 TRACE m.s.p.BeforeTime [main] exit with(false)
2016-06-01 22:41:16,542 TRACE m.s.p.BetweenTime [main] exit with(false)
2016-06-01 22:41:16,542 TRACE m.s.p.BetweenTime [main] entry params(Payment{value=3106, date=2016-06-02T19:35:26.465Z, product=Product{title='Film'}, status=initial, client=Client{personalAccount=2}})
2016-06-01 22:41:16,542 TRACE m.s.p.BetweenTime [main] entry params(23:00)
2016-06-01 22:41:16,542 TRACE m.s.p.BetweenTime [main] entry params(09:00)
2016-06-01 22:41:16,542 TRACE m.s.p.AfterTime [main] entry params(Payment{value=3106, date=2016-06-02T19:35:26.465Z, product=Product{title='Film'}, status=initial, client=Client{personalAccount=2}})
2016-06-01 22:41:16,542 TRACE m.s.p.AfterTime [main] entry params(2016-06-02T19:35:26.465Z)
2016-06-01 22:41:16,542 TRACE m.s.p.AfterTime [main] entry params(23:00)
2016-06-01 22:41:16,542 TRACE m.s.p.AfterTime [main] exit with(false)
2016-06-01 22:41:16,542 TRACE m.s.p.BeforeTime [main] entry params(Payment{value=3106, date=2016-06-02T19:35:26.465Z, product=Product{title='Film'}, status=initial, client=Client{personalAccount=2}})
2016-06-01 22:41:16,542 TRACE m.s.p.BeforeTime [main] entry params(2016-06-02T19:35:26.465Z)
2016-06-01 22:41:16,542 TRACE m.s.p.BeforeTime [main] exit with(false)
2016-06-01 22:41:16,542 TRACE m.s.p.BetweenTime [main] exit with(false)
2016-06-01 22:41:16,542 TRACE m.s.p.TotalLargerByPeriodSameProduct [main] exit with(false)
2016-06-01 22:41:16,542 TRACE m.s.p.TotalLargerByPeriodSameProduct [main] entry params(Payment{value=3106, date=2016-06-02T19:35:26.465Z, product=Product{title='Film'}, status=initial, client=Client{personalAccount=2}})
2016-06-01 22:41:16,543 TRACE m.s.p.BetweenTime [main] entry params(Payment{value=1667, date=2016-06-01T21:55:53.465Z, product=Product{title='Food'}, status=rотов_к_проведению, client=Client{personalAccount=6}})
2016-06-01 22:41:16,543 TRACE m.s.p.BetweenTime [main] entry params(09:00)
2016-06-01 22:41:16,543 TRACE m.s.p.BetweenTime [main] entry params(23:00)
2016-06-01 22:41:16,543 TRACE m.s.p.AfterTime [main] entry params(Payment{value=1667, date=2016-06-01T21:55:53.465Z, product=Product{title='Food'}, status=rотов_к_проведению, client=Client{personalAccount=6}})
2016-06-01 22:41:16,543 TRACE m.s.p.AfterTime [main] entry params(2016-06-01T21:55:53.465Z)
2016-06-01 22:41:16,543 TRACE m.s.p.AfterTime [main] entry params(09:00)
2016-06-01 22:41:16,543 TRACE m.s.p.AfterTime [main] exit with(true)
2016-06-01 22:41:16,543 TRACE m.s.p.BeforeTime [main] entry params(Payment{value=1667, date=2016-06-01T21:55:53.465Z, product=Product{title='Food'}, status=rотов_к_проведению, client=Client{personalAccount=6}})
2016-06-01 22:41:16,543 TRACE m.s.p.BeforeTime [main] entry params(2016-06-01T21:55:53.465Z)
2016-06-01 22:41:16,543 TRACE m.s.p.BeforeTime [main] exit with(true)
2016-06-01 22:41:16,543 TRACE m.s.p.BetweenTime [main] exit with(true)
2016-06-01 22:41:16,543 TRACE m.s.p.BetweenTime [main] entry params(Payment{value=3106, date=2016-06-02T19:35:26.465Z, product=Product{title='Film'}, status=initial, client=Client{personalAccount=2}})
2016-06-01 22:41:16,546 TRACE m.s.p.BetweenTime [main] entry params(09:00)
2016-06-01 22:41:16,547 TRACE m.s.p.BetweenTime [main] entry params(23:00)
2016-06-01 22:41:16,548 TRACE m.s.p.AfterTime [main] entry params(Payment{value=3106, date=2016-06-02T19:35:26.465Z, product=Product{title='Film'}, status=initial, client=Client{personalAccount=2}})
2016-06-01 22:41:16,548 TRACE m.s.p.AfterTime [main] entry params(2016-06-02T19:35:26.465Z)
2016-06-01 22:41:16,548 TRACE m.s.p.AfterTime [main] entry params(09:00)
2016-06-01 22:41:16,548 TRACE m.s.p.AfterTime [main] exit with(true)
2016-06-01 22:41:16,548 TRACE m.s.p.BeforeTime [main] entry params(Payment{value=3106, date=2016-06-02T19:35:26.465Z, product=Product{title='Film'}, status=initial, client=Client{personalAccount=2}})
2016-06-01 22:41:16,548 TRACE m.s.p.BeforeTime [main] entry params(2016-06-02T19:35:26.465Z)
2016-06-01 22:41:16,548 TRACE m.s.p.BeforeTime [main] exit with(true)
2016-06-01 22:41:16,548 TRACE m.s.p.BetweenTime [main] exit with(true)
2016-06-01 22:41:16,548 TRACE m.s.p.TotalLargerByPeriodSameProduct [main] exit with(false)
2016-06-01 22:41:16,548 TRACE m.s.p.TotalLargerByPeriodSameProduct [main] entry params(Payment{value=1344, date=2016-06-03T00:23:20.465Z, product=Product{title='Food'}, status=initial, client=Client{personalAccount=5}})
2016-06-01 22:41:16,548 TRACE m.s.p.BetweenTime [main] entry params(Payment{value=1667, date=2016-06-01T21:55:53.465Z, product=Product{title='Food'}, status=rотов_к_проведению, client=Client{personalAccount=6}})
2016-06-01 22:41:16,548 TRACE m.s.p.BetweenTime [main] entry params(23:00)
2016-06-01 22:41:16,548 TRACE m.s.p.BetweenTime [main] entry params(09:00)
2016-06-01 22:41:16,548 TRACE m.s.p.AfterTime [main] entry params(Payment{value=1667, date=2016-06-01T21:55:53.465Z, product=Product{title='Food'}, status=rотов_к_проведению, client=Client{personalAccount=6}})
2016-06-01 22:41:16,548 TRACE m.s.p.AfterTime [main] entry params(2016-06-01T21:55:53.465Z)
2016-06-01 22:41:16,549 TRACE m.s.p.AfterTime [main] entry params(23:00)
2016-06-01 22:41:16,549 TRACE m.s.p.AfterTime [main] exit with(false)
2016-06-01 22:41:16,549 TRACE m.s.p.BeforeTime [main] entry params(Payment{value=1667, date=2016-06-01T21:55:53.465Z, product=Product{title='Food'}, status=rотов_к_проведению, client=Client{personalAccount=6}})
2016-06-01 22:41:16,549 TRACE m.s.p.BeforeTime [main] entry params(2016-06-01T21:55:53.465Z)
2016-06-01 22:41:16,549 TRACE m.s.p.BeforeTime [main] exit with(false)
2016-06-01 22:41:16,549 TRACE m.s.p.BetweenTime [main] exit with(false)
2016-06-01 22:41:16,549 TRACE m.s.p.BetweenTime [main] entry params(Payment{value=3106, date=2016-06-02T19:35:26.465Z, product=Product{title='Film'}, status=rотов_к_проведению, client=Client{personalAccount=2}})
2016-06-01 22:41:16,549 TRACE m.s.p.BetweenTime [main] entry params(23:00)
2016-06-01 22:41:16,549 TRACE m.s.p.BetweenTime [main] entry params(09:00)
2016-06-01 22:41:16,549 TRACE m.s.p.AfterTime [main] entry params(Payment{value=3106, date=2016-06-02T19:35:26.465Z, product=Product{title='Film'}, status=rотов_к_проведению, client=Client{personalAccount=2}})
2016-06-01 22:41:16,549 TRACE m.s.p.AfterTime [main] entry params(2016-06-02T19:35:26.465Z)
2016-06-01 22:41:16,549 TRACE m.s.p.AfterTime [main] entry params(23:00)
2016-06-01 22:41:16,550 TRACE m.s.p.AfterTime [main] exit with(false)
2016-06-01 22:41:16,550 TRACE m.s.p.BeforeTime [main] entry params(Payment{value=3106, date=2016-06-02T19:35:26.465Z, product=Product{title='Film'}, status=rотов_к_проведению, client=Client{personalAccount=2}})
2016-06-01 22:41:16,550 TRACE m.s.p.BeforeTime [main] entry params(2016-06-02T19:35:26.465Z)
2016-06-01 22:41:16,550 TRACE m.s.p.BeforeTime [main] exit with(false)
2016-06-01 22:41:16,550 TRACE m.s.p.BetweenTime [main] exit with(false)
2016-06-01 22:41:16,550 TRACE m.s.p.BetweenTime [main] entry params(Payment{value=1344, date=2016-06-03T00:23:20.465Z, product=Product{title='Food'}, status=initial, client=Client{personalAccount=5}})
2016-06-01 22:41:16,550 TRACE m.s.p.BetweenTime [main] entry params(23:00)
2016-06-01 22:41:16,550 TRACE m.s.p.BetweenTime [main] entry params(09:00)
2016-06-01 22:41:16,551 TRACE m.s.p.AfterTime [main] entry params(Payment{value=1344, date=2016-06-03T00:23:20.465Z, product=Product{title='Food'}, status=initial, client=Client{personalAccount=5}})
2016-06-01 22:41:16,551 TRACE m.s.p.AfterTime [main] entry params(2016-06-03T00:23:20.465Z)
2016-06-01 22:41:16,551 TRACE m.s.p.AfterTime [main] entry params(23:00)
2016-06-01 22:41:16,551 TRACE m.s.p.AfterTime [main] exit with(false)
2016-06-01 22:41:16,551 TRACE m.s.p.BeforeTime [main] entry params(Payment{value=1344, date=2016-06-03T00:23:20.465Z, product=Product{title='Food'}, status=initial, client=Client{personalAccount=5}})
2016-06-01 22:41:16,551 TRACE m.s.p.BeforeTime [main] entry params(2016-06-03T00:23:20.465Z)
2016-06-01 22:41:16,551 TRACE m.s.p.BeforeTime [main] exit with(true)
2016-06-01 22:41:16,551 TRACE m.s.p.BetweenTime [main] exit with(true)
2016-06-01 22:41:16,551 TRACE m.s.p.TotalLargerByPeriodSameProduct [main] exit with(true)
2016-06-01 22:41:16,560 TRACE m.s.p.TotalLargerByPeriodSameProduct [main] entry params(Payment{value=126, date=2016-06-05T07:08:00.457Z, product=Product{title='Pizza'}, status=initial, client=Client{personalAccount=1}})
2016-06-01 22:41:16,560 TRACE m.s.p.BetweenTime [main] entry params(Payment{value=1667, date=2016-06-01T21:55:53.465Z, product=Product{title='Food'}, status=rотов_к_проведению, client=Client{personalAccount=6}})
2016-06-01 22:41:16,560 TRACE m.s.p.BetweenTime [main] entry params(23:00)
2016-06-01 22:41:16,560 TRACE m.s.p.BetweenTime [main] entry params(09:00)
2016-06-01 22:41:16,561 TRACE m.s.p.AfterTime [main] entry params(Payment{value=1667, date=2016-06-01T21:55:53.465Z, product=Product{title='Food'}, status=rотов_к_проведению, client=Client{personalAccount=6}})
2016-06-01 22:41:16,561 TRACE m.s.p.AfterTime [main] entry params(2016-06-01T21:55:53.465Z)
2016-06-01 22:41:16,561 TRACE m.s.p.AfterTime [main] entry params(23:00)
2016-06-01 22:41:16,561 TRACE m.s.p.AfterTime [main] exit with(false)
2016-06-01 22:41:16,561 TRACE m.s.p.BeforeTime [main] entry params(Payment{value=1667, date=2016-06-01T21:55:53.465Z, product=Product{title='Food'}, status=rотов_к_проведению, client=Client{personalAccount=6}})
2016-06-01 22:41:16,561 TRACE m.s.p.BeforeTime [main] entry params(2016-06-01T21:55:53.465Z)
2016-06-01 22:41:16,561 TRACE m.s.p.BeforeTime [main] exit with(false)
2016-06-01 22:41:16,561 TRACE m.s.p.BetweenTime [main] exit with(false)
2016-06-01 22:41:16,561 TRACE m.s.p.BetweenTime [main] entry params(Payment{value=3106, date=2016-06-02T19:35:26.465Z, product=Product{title='Film'}, status=rотов_к_проведению, client=Client{personalAccount=2}})
2016-06-01 22:41:16,561 TRACE m.s.p.BetweenTime [main] entry params(23:00)
2016-06-01 22:41:16,561 TRACE m.s.p.BetweenTime [main] entry params(09:00)
2016-06-01 22:41:16,562 TRACE m.s.p.AfterTime [main] entry params(Payment{value=3106, date=2016-06-02T19:35:26.465Z, product=Product{title='Film'}, status=rотов_к_проведению, client=Client{personalAccount=2}})
2016-06-01 22:41:16,562 TRACE m.s.p.AfterTime [main] entry params(2016-06-02T19:35:26.465Z)
2016-06-01 22:41:16,562 TRACE m.s.p.AfterTime [main] entry params(23:00)
2016-06-01 22:41:16,563 TRACE m.s.p.AfterTime [main] exit with(false)
2016-06-01 22:41:16,564 TRACE m.s.p.BeforeTime [main] entry params(Payment{value=3106, date=2016-06-02T19:35:26.465Z, product=Product{title='Film'}, status=rотов_к_проведению, client=Client{personalAccount=2}})
2016-06-01 22:41:16,564 TRACE m.s.p.BeforeTime [main] entry params(2016-06-02T19:35:26.465Z)
2016-06-01 22:41:16,564 TRACE m.s.p.BeforeTime [main] exit with(false)
2016-06-01 22:41:16,564 TRACE m.s.p.BetweenTime [main] exit with(false)
2016-06-01 22:41:16,564 TRACE m.s.p.BetweenTime [main] entry params(Payment{value=1344, date=2016-06-03T00:23:20.465Z, product=Product{title='Food'}, status=Tребует_подтверждения, client=Client{personalAccount=5}})
2016-06-01 22:41:16,564 TRACE m.s.p.BetweenTime [main] entry params(23:00)
2016-06-01 22:41:16,564 TRACE m.s.p.BetweenTime [main] entry params(09:00)
2016-06-01 22:41:16,564 TRACE m.s.p.AfterTime [main] entry params(Payment{value=1344, date=2016-06-03T00:23:20.465Z, product=Product{title='Food'}, status=Tребует_подтверждения, client=Client{personalAccount=5}})
2016-06-01 22:41:16,564 TRACE m.s.p.AfterTime [main] entry params(2016-06-03T00:23:20.465Z)
2016-06-01 22:41:16,564 TRACE m.s.p.AfterTime [main] entry params(23:00)
2016-06-01 22:41:16,564 TRACE m.s.p.AfterTime [main] exit with(false)
2016-06-01 22:41:16,564 TRACE m.s.p.BeforeTime [main] entry params(Payment{value=1344, date=2016-06-03T00:23:20.465Z, product=Product{title='Food'}, status=Tребует_подтверждения, client=Client{personalAccount=5}})
2016-06-01 22:41:16,564 TRACE m.s.p.BeforeTime [main] entry params(2016-06-03T00:23:20.465Z)
2016-06-01 22:41:16,564 TRACE m.s.p.BeforeTime [main] exit with(true)
2016-06-01 22:41:16,564 TRACE m.s.p.BetweenTime [main] exit with(true)
2016-06-01 22:41:16,564 TRACE m.s.p.BetweenTime [main] entry params(Payment{value=126, date=2016-06-05T07:08:00.457Z, product=Product{title='Pizza'}, status=initial, client=Client{personalAccount=1}})
2016-06-01 22:41:16,564 TRACE m.s.p.BetweenTime [main] entry params(23:00)
2016-06-01 22:41:16,564 TRACE m.s.p.BetweenTime [main] entry params(09:00)
2016-06-01 22:41:16,565 TRACE m.s.p.AfterTime [main] entry params(Payment{value=126, date=2016-06-05T07:08:00.457Z, product=Product{title='Pizza'}, status=initial, client=Client{personalAccount=1}})
2016-06-01 22:41:16,565 TRACE m.s.p.AfterTime [main] entry params(2016-06-05T07:08:00.457Z)
2016-06-01 22:41:16,565 TRACE m.s.p.AfterTime [main] entry params(23:00)
2016-06-01 22:41:16,565 TRACE m.s.p.AfterTime [main] exit with(false)
2016-06-01 22:41:16,565 TRACE m.s.p.BeforeTime [main] entry params(Payment{value=126, date=2016-06-05T07:08:00.457Z, product=Product{title='Pizza'}, status=initial, client=Client{personalAccount=1}})
2016-06-01 22:41:16,565 TRACE m.s.p.BeforeTime [main] entry params(2016-06-05T07:08:00.457Z)
2016-06-01 22:41:16,565 TRACE m.s.p.BeforeTime [main] exit with(true)
2016-06-01 22:41:16,565 TRACE m.s.p.BetweenTime [main] exit with(true)
2016-06-01 22:41:16,565 TRACE m.s.p.TotalLargerByPeriodSameProduct [main] exit with(false)
2016-06-01 22:41:16,565 TRACE m.s.p.TotalLargerByPeriodSameProduct [main] entry params(Payment{value=126, date=2016-06-05T07:08:00.457Z, product=Product{title='Pizza'}, status=initial, client=Client{personalAccount=1}})
2016-06-01 22:41:16,565 TRACE m.s.p.BetweenTime [main] entry params(Payment{value=1667, date=2016-06-01T21:55:53.465Z, product=Product{title='Food'}, status=rотов_к_проведению, client=Client{personalAccount=6}})
2016-06-01 22:41:16,565 TRACE m.s.p.BetweenTime [main] entry params(09:00)
2016-06-01 22:41:16,565 TRACE m.s.p.BetweenTime [main] entry params(23:00)
2016-06-01 22:41:16,565 TRACE m.s.p.AfterTime [main] entry params(Payment{value=1667, date=2016-06-01T21:55:53.465Z, product=Product{title='Food'}, status=rотов_к_проведению, client=Client{personalAccount=6}})
2016-06-01 22:41:16,565 TRACE m.s.p.AfterTime [main] entry params(2016-06-01T21:55:53.465Z)
2016-06-01 22:41:16,565 TRACE m.s.p.AfterTime [main] entry params(09:00)
2016-06-01 22:41:16,566 TRACE m.s.p.AfterTime [main] exit with(true)
2016-06-01 22:41:16,566 TRACE m.s.p.BeforeTime [main] entry params(Payment{value=1667, date=2016-06-01T21:55:53.465Z, product=Product{title='Food'}, status=rотов_к_проведению, client=Client{personalAccount=6}})
2016-06-01 22:41:16,566 TRACE m.s.p.BeforeTime [main] entry params(2016-06-01T21:55:53.465Z)
2016-06-01 22:41:16,567 TRACE m.s.p.BeforeTime [main] exit with(true)
2016-06-01 22:41:16,567 TRACE m.s.p.BetweenTime [main] exit with(true)
2016-06-01 22:41:16,567 TRACE m.s.p.BetweenTime [main] entry params(Payment{value=3106, date=2016-06-02T19:35:26.465Z, product=Product{title='Film'}, status=rотов_к_проведению, client=Client{personalAccount=2}})
2016-06-01 22:41:16,567 TRACE m.s.p.BetweenTime [main] entry params(09:00)
2016-06-01 22:41:16,567 TRACE m.s.p.BetweenTime [main] entry params(23:00)
2016-06-01 22:41:16,567 TRACE m.s.p.AfterTime [main] entry params(Payment{value=3106, date=2016-06-02T19:35:26.465Z, product=Product{title='Film'}, status=rотов_к_проведению, client=Client{personalAccount=2}})
2016-06-01 22:41:16,567 TRACE m.s.p.AfterTime [main] entry params(2016-06-02T19:35:26.465Z)
2016-06-01 22:41:16,567 TRACE m.s.p.AfterTime [main] entry params(09:00)
2016-06-01 22:41:16,567 TRACE m.s.p.AfterTime [main] exit with(true)
2016-06-01 22:41:16,567 TRACE m.s.p.BeforeTime [main] entry params(Payment{value=3106, date=2016-06-02T19:35:26.465Z, product=Product{title='Film'}, status=rотов_к_проведению, client=Client{personalAccount=2}})
2016-06-01 22:41:16,567 TRACE m.s.p.BeforeTime [main] entry params(2016-06-02T19:35:26.465Z)
2016-06-01 22:41:16,567 TRACE m.s.p.BeforeTime [main] exit with(true)
2016-06-01 22:41:16,567 TRACE m.s.p.BetweenTime [main] exit with(true)
2016-06-01 22:41:16,567 TRACE m.s.p.BetweenTime [main] entry params(Payment{value=1344, date=2016-06-03T00:23:20.465Z, product=Product{title='Food'}, status=Tребует_подтверждения, client=Client{personalAccount=5}})
2016-06-01 22:41:16,567 TRACE m.s.p.BetweenTime [main] entry params(09:00)
2016-06-01 22:41:16,567 TRACE m.s.p.BetweenTime [main] entry params(23:00)
2016-06-01 22:41:16,567 TRACE m.s.p.AfterTime [main] entry params(Payment{value=1344, date=2016-06-03T00:23:20.465Z, product=Product{title='Food'}, status=Tребует_подтверждения, client=Client{personalAccount=5}})
2016-06-01 22:41:16,567 TRACE m.s.p.AfterTime [main] entry params(2016-06-03T00:23:20.465Z)
2016-06-01 22:41:16,567 TRACE m.s.p.AfterTime [main] entry params(09:00)
2016-06-01 22:41:16,567 TRACE m.s.p.AfterTime [main] exit with(false)
2016-06-01 22:41:16,567 TRACE m.s.p.BetweenTime [main] exit with(false)
2016-06-01 22:41:16,567 TRACE m.s.p.BetweenTime [main] entry params(Payment{value=126, date=2016-06-05T07:08:00.457Z, product=Product{title='Pizza'}, status=initial, client=Client{personalAccount=1}})
2016-06-01 22:41:16,568 TRACE m.s.p.BetweenTime [main] entry params(09:00)
2016-06-01 22:41:16,568 TRACE m.s.p.BetweenTime [main] entry params(23:00)
2016-06-01 22:41:16,568 TRACE m.s.p.AfterTime [main] entry params(Payment{value=126, date=2016-06-05T07:08:00.457Z, product=Product{title='Pizza'}, status=initial, client=Client{personalAccount=1}})
2016-06-01 22:41:16,568 TRACE m.s.p.AfterTime [main] entry params(2016-06-05T07:08:00.457Z)
2016-06-01 22:41:16,568 TRACE m.s.p.AfterTime [main] entry params(09:00)
2016-06-01 22:41:16,568 TRACE m.s.p.AfterTime [main] exit with(false)
2016-06-01 22:41:16,568 TRACE m.s.p.BetweenTime [main] exit with(false)
2016-06-01 22:41:16,568 TRACE m.s.p.TotalLargerByPeriodSameProduct [main] exit with(false)
2016-06-01 22:41:16,568 TRACE m.s.p.TotalLargerByPeriodSameProduct [main] entry params(Payment{value=2604, date=2016-06-06T09:51:43.465Z, product=Product{title='Film'}, status=initial, client=Client{personalAccount=5}})
2016-06-01 22:41:16,569 TRACE m.s.p.BetweenTime [main] entry params(Payment{value=1667, date=2016-06-01T21:55:53.465Z, product=Product{title='Food'}, status=rотов_к_проведению, client=Client{personalAccount=6}})
2016-06-01 22:41:16,569 TRACE m.s.p.BetweenTime [main] entry params(23:00)
2016-06-01 22:41:16,569 TRACE m.s.p.BetweenTime [main] entry params(09:00)
2016-06-01 22:41:16,569 TRACE m.s.p.AfterTime [main] entry params(Payment{value=1667, date=2016-06-01T21:55:53.465Z, product=Product{title='Food'}, status=rотов_к_проведению, client=Client{personalAccount=6}})
2016-06-01 22:41:16,569 TRACE m.s.p.AfterTime [main] entry params(2016-06-01T21:55:53.465Z)
2016-06-01 22:41:16,569 TRACE m.s.p.AfterTime [main] entry params(23:00)
2016-06-01 22:41:16,569 TRACE m.s.p.AfterTime [main] exit with(false)
2016-06-01 22:41:16,569 TRACE m.s.p.BeforeTime [main] entry params(Payment{value=1667, date=2016-06-01T21:55:53.465Z, product=Product{title='Food'}, status=rотов_к_проведению, client=Client{personalAccount=6}})
2016-06-01 22:41:16,569 TRACE m.s.p.BeforeTime [main] entry params(2016-06-01T21:55:53.465Z)
2016-06-01 22:41:16,569 TRACE m.s.p.BeforeTime [main] exit with(false)
2016-06-01 22:41:16,569 TRACE m.s.p.BetweenTime [main] exit with(false)
2016-06-01 22:41:16,569 TRACE m.s.p.BetweenTime [main] entry params(Payment{value=3106, date=2016-06-02T19:35:26.465Z, product=Product{title='Film'}, status=rотов_к_проведению, client=Client{personalAccount=2}})
2016-06-01 22:41:16,569 TRACE m.s.p.BetweenTime [main] entry params(23:00)
2016-06-01 22:41:16,569 TRACE m.s.p.BetweenTime [main] entry params(09:00)
2016-06-01 22:41:16,569 TRACE m.s.p.AfterTime [main] entry params(Payment{value=3106, date=2016-06-02T19:35:26.465Z, product=Product{title='Film'}, status=rотов_к_проведению, client=Client{personalAccount=2}})
2016-06-01 22:41:16,569 TRACE m.s.p.AfterTime [main] entry params(2016-06-02T19:35:26.465Z)
2016-06-01 22:41:16,569 TRACE m.s.p.AfterTime [main] entry params(23:00)
2016-06-01 22:41:16,569 TRACE m.s.p.AfterTime [main] exit with(false)
2016-06-01 22:41:16,569 TRACE m.s.p.BeforeTime [main] entry params(Payment{value=3106, date=2016-06-02T19:35:26.465Z, product=Product{title='Film'}, status=rотов_к_проведению, client=Client{personalAccount=2}})
2016-06-01 22:41:16,569 TRACE m.s.p.BeforeTime [main] entry params(2016-06-02T19:35:26.465Z)
2016-06-01 22:41:16,569 TRACE m.s.p.BeforeTime [main] exit with(false)
2016-06-01 22:41:16,569 TRACE m.s.p.BetweenTime [main] exit with(false)
2016-06-01 22:41:16,570 TRACE m.s.p.BetweenTime [main] entry params(Payment{value=1344, date=2016-06-03T00:23:20.465Z, product=Product{title='Food'}, status=Tребует_подтверждения, client=Client{personalAccount=5}})
2016-06-01 22:41:16,570 TRACE m.s.p.BetweenTime [main] entry params(23:00)
2016-06-01 22:41:16,570 TRACE m.s.p.BetweenTime [main] entry params(09:00)
2016-06-01 22:41:16,570 TRACE m.s.p.AfterTime [main] entry params(Payment{value=1344, date=2016-06-03T00:23:20.465Z, product=Product{title='Food'}, status=Tребует_подтверждения, client=Client{personalAccount=5}})
2016-06-01 22:41:16,571 TRACE m.s.p.AfterTime [main] entry params(2016-06-03T00:23:20.465Z)
2016-06-01 22:41:16,571 TRACE m.s.p.AfterTime [main] entry params(23:00)
2016-06-01 22:41:16,571 TRACE m.s.p.AfterTime [main] exit with(false)
2016-06-01 22:41:16,571 TRACE m.s.p.BeforeTime [main] entry params(Payment{value=1344, date=2016-06-03T00:23:20.465Z, product=Product{title='Food'}, status=Tребует_подтверждения, client=Client{personalAccount=5}})
2016-06-01 22:41:16,571 TRACE m.s.p.BeforeTime [main] entry params(2016-06-03T00:23:20.465Z)
2016-06-01 22:41:16,571 TRACE m.s.p.BeforeTime [main] exit with(true)
2016-06-01 22:41:16,571 TRACE m.s.p.BetweenTime [main] exit with(true)
2016-06-01 22:41:16,571 TRACE m.s.p.BetweenTime [main] entry params(Payment{value=126, date=2016-06-05T07:08:00.457Z, product=Product{title='Pizza'}, status=rотов_к_проведению, client=Client{personalAccount=1}})
2016-06-01 22:41:16,571 TRACE m.s.p.BetweenTime [main] entry params(23:00)
2016-06-01 22:41:16,571 TRACE m.s.p.BetweenTime [main] entry params(09:00)
2016-06-01 22:41:16,571 TRACE m.s.p.AfterTime [main] entry params(Payment{value=126, date=2016-06-05T07:08:00.457Z, product=Product{title='Pizza'}, status=rотов_к_проведению, client=Client{personalAccount=1}})
2016-06-01 22:41:16,571 TRACE m.s.p.AfterTime [main] entry params(2016-06-05T07:08:00.457Z)
2016-06-01 22:41:16,571 TRACE m.s.p.AfterTime [main] entry params(23:00)
2016-06-01 22:41:16,571 TRACE m.s.p.AfterTime [main] exit with(false)
2016-06-01 22:41:16,571 TRACE m.s.p.BeforeTime [main] entry params(Payment{value=126, date=2016-06-05T07:08:00.457Z, product=Product{title='Pizza'}, status=rотов_к_проведению, client=Client{personalAccount=1}})
2016-06-01 22:41:16,571 TRACE m.s.p.BeforeTime [main] entry params(2016-06-05T07:08:00.457Z)
2016-06-01 22:41:16,571 TRACE m.s.p.BeforeTime [main] exit with(true)
2016-06-01 22:41:16,571 TRACE m.s.p.BetweenTime [main] exit with(true)
2016-06-01 22:41:16,571 TRACE m.s.p.BetweenTime [main] entry params(Payment{value=2604, date=2016-06-06T09:51:43.465Z, product=Product{title='Film'}, status=initial, client=Client{personalAccount=5}})
2016-06-01 22:41:16,571 TRACE m.s.p.BetweenTime [main] entry params(23:00)
2016-06-01 22:41:16,571 TRACE m.s.p.BetweenTime [main] entry params(09:00)
2016-06-01 22:41:16,571 TRACE m.s.p.AfterTime [main] entry params(Payment{value=2604, date=2016-06-06T09:51:43.465Z, product=Product{title='Film'}, status=initial, client=Client{personalAccount=5}})
2016-06-01 22:41:16,572 TRACE m.s.p.AfterTime [main] entry params(2016-06-06T09:51:43.465Z)
2016-06-01 22:41:16,572 TRACE m.s.p.AfterTime [main] entry params(23:00)
2016-06-01 22:41:16,572 TRACE m.s.p.AfterTime [main] exit with(false)
2016-06-01 22:41:16,572 TRACE m.s.p.BeforeTime [main] entry params(Payment{value=2604, date=2016-06-06T09:51:43.465Z, product=Product{title='Film'}, status=initial, client=Client{personalAccount=5}})
2016-06-01 22:41:16,572 TRACE m.s.p.BeforeTime [main] entry params(2016-06-06T09:51:43.465Z)
2016-06-01 22:41:16,572 TRACE m.s.p.BeforeTime [main] exit with(false)
2016-06-01 22:41:16,572 TRACE m.s.p.BetweenTime [main] exit with(false)
2016-06-01 22:41:16,572 TRACE m.s.p.TotalLargerByPeriodSameProduct [main] exit with(false)
2016-06-01 22:41:16,572 TRACE m.s.p.TotalLargerByPeriodSameProduct [main] entry params(Payment{value=2604, date=2016-06-06T09:51:43.465Z, product=Product{title='Film'}, status=initial, client=Client{personalAccount=5}})
2016-06-01 22:41:16,572 TRACE m.s.p.BetweenTime [main] entry params(Payment{value=1667, date=2016-06-01T21:55:53.465Z, product=Product{title='Food'}, status=rотов_к_проведению, client=Client{personalAccount=6}})
2016-06-01 22:41:16,573 TRACE m.s.p.BetweenTime [main] entry params(09:00)
2016-06-01 22:41:16,576 TRACE m.s.p.BetweenTime [main] entry params(23:00)
2016-06-01 22:41:16,579 TRACE m.s.p.AfterTime [main] entry params(Payment{value=1667, date=2016-06-01T21:55:53.465Z, product=Product{title='Food'}, status=rотов_к_проведению, client=Client{personalAccount=6}})
2016-06-01 22:41:16,580 TRACE m.s.p.AfterTime [main] entry params(2016-06-01T21:55:53.465Z)
2016-06-01 22:41:16,580 TRACE m.s.p.AfterTime [main] entry params(09:00)
2016-06-01 22:41:16,580 TRACE m.s.p.AfterTime [main] exit with(true)
2016-06-01 22:41:16,580 TRACE m.s.p.BeforeTime [main] entry params(Payment{value=1667, date=2016-06-01T21:55:53.465Z, product=Product{title='Food'}, status=rотов_к_проведению, client=Client{personalAccount=6}})
2016-06-01 22:41:16,580 TRACE m.s.p.BeforeTime [main] entry params(2016-06-01T21:55:53.465Z)
2016-06-01 22:41:16,580 TRACE m.s.p.BeforeTime [main] exit with(true)
2016-06-01 22:41:16,580 TRACE m.s.p.BetweenTime [main] exit with(true)
2016-06-01 22:41:16,580 TRACE m.s.p.BetweenTime [main] entry params(Payment{value=3106, date=2016-06-02T19:35:26.465Z, product=Product{title='Film'}, status=rотов_к_проведению, client=Client{personalAccount=2}})
2016-06-01 22:41:16,580 TRACE m.s.p.BetweenTime [main] entry params(09:00)
2016-06-01 22:41:16,580 TRACE m.s.p.BetweenTime [main] entry params(23:00)
2016-06-01 22:41:16,580 TRACE m.s.p.AfterTime [main] entry params(Payment{value=3106, date=2016-06-02T19:35:26.465Z, product=Product{title='Film'}, status=rотов_к_проведению, client=Client{personalAccount=2}})
2016-06-01 22:41:16,580 TRACE m.s.p.AfterTime [main] entry params(2016-06-02T19:35:26.465Z)
2016-06-01 22:41:16,580 TRACE m.s.p.AfterTime [main] entry params(09:00)
2016-06-01 22:41:16,580 TRACE m.s.p.AfterTime [main] exit with(true)
2016-06-01 22:41:16,580 TRACE m.s.p.BeforeTime [main] entry params(Payment{value=3106, date=2016-06-02T19:35:26.465Z, product=Product{title='Film'}, status=rотов_к_проведению, client=Client{personalAccount=2}})
2016-06-01 22:41:16,580 TRACE m.s.p.BeforeTime [main] entry params(2016-06-02T19:35:26.465Z)
2016-06-01 22:41:16,580 TRACE m.s.p.BeforeTime [main] exit with(true)
2016-06-01 22:41:16,580 TRACE m.s.p.BetweenTime [main] exit with(true)
2016-06-01 22:41:16,580 TRACE m.s.p.BetweenTime [main] entry params(Payment{value=1344, date=2016-06-03T00:23:20.465Z, product=Product{title='Food'}, status=Tребует_подтверждения, client=Client{personalAccount=5}})
2016-06-01 22:41:16,580 TRACE m.s.p.BetweenTime [main] entry params(09:00)
2016-06-01 22:41:16,580 TRACE m.s.p.BetweenTime [main] entry params(23:00)
2016-06-01 22:41:16,580 TRACE m.s.p.AfterTime [main] entry params(Payment{value=1344, date=2016-06-03T00:23:20.465Z, product=Product{title='Food'}, status=Tребует_подтверждения, client=Client{personalAccount=5}})
2016-06-01 22:41:16,580 TRACE m.s.p.AfterTime [main] entry params(2016-06-03T00:23:20.465Z)
2016-06-01 22:41:16,580 TRACE m.s.p.AfterTime [main] entry params(09:00)
2016-06-01 22:41:16,580 TRACE m.s.p.AfterTime [main] exit with(false)
2016-06-01 22:41:16,580 TRACE m.s.p.BetweenTime [main] exit with(false)
2016-06-01 22:41:16,580 TRACE m.s.p.BetweenTime [main] entry params(Payment{value=126, date=2016-06-05T07:08:00.457Z, product=Product{title='Pizza'}, status=rотов_к_проведению, client=Client{personalAccount=1}})
2016-06-01 22:41:16,580 TRACE m.s.p.BetweenTime [main] entry params(09:00)
2016-06-01 22:41:16,580 TRACE m.s.p.BetweenTime [main] entry params(23:00)
2016-06-01 22:41:16,580 TRACE m.s.p.AfterTime [main] entry params(Payment{value=126, date=2016-06-05T07:08:00.457Z, product=Product{title='Pizza'}, status=rотов_к_проведению, client=Client{personalAccount=1}})
2016-06-01 22:41:16,581 TRACE m.s.p.AfterTime [main] entry params(2016-06-05T07:08:00.457Z)
2016-06-01 22:41:16,581 TRACE m.s.p.AfterTime [main] entry params(09:00)
2016-06-01 22:41:16,581 TRACE m.s.p.AfterTime [main] exit with(false)
2016-06-01 22:41:16,581 TRACE m.s.p.BetweenTime [main] exit with(false)
2016-06-01 22:41:16,581 TRACE m.s.p.BetweenTime [main] entry params(Payment{value=2604, date=2016-06-06T09:51:43.465Z, product=Product{title='Film'}, status=initial, client=Client{personalAccount=5}})
2016-06-01 22:41:16,581 TRACE m.s.p.BetweenTime [main] entry params(09:00)
2016-06-01 22:41:16,581 TRACE m.s.p.BetweenTime [main] entry params(23:00)
2016-06-01 22:41:16,581 TRACE m.s.p.AfterTime [main] entry params(Payment{value=2604, date=2016-06-06T09:51:43.465Z, product=Product{title='Film'}, status=initial, client=Client{personalAccount=5}})
2016-06-01 22:41:16,581 TRACE m.s.p.AfterTime [main] entry params(2016-06-06T09:51:43.465Z)
2016-06-01 22:41:16,581 TRACE m.s.p.AfterTime [main] entry params(09:00)
2016-06-01 22:41:16,581 TRACE m.s.p.AfterTime [main] exit with(true)
2016-06-01 22:41:16,581 TRACE m.s.p.BeforeTime [main] entry params(Payment{value=2604, date=2016-06-06T09:51:43.465Z, product=Product{title='Film'}, status=initial, client=Client{personalAccount=5}})
2016-06-01 22:41:16,581 TRACE m.s.p.BeforeTime [main] entry params(2016-06-06T09:51:43.465Z)
2016-06-01 22:41:16,581 TRACE m.s.p.BeforeTime [main] exit with(true)
2016-06-01 22:41:16,581 TRACE m.s.p.BetweenTime [main] exit with(true)
2016-06-01 22:41:16,581 TRACE m.s.p.TotalLargerByPeriodSameProduct [main] exit with(true)
